2025-06-29 15:15:14,972 - jarvis - INFO - Logging initialized - Level: INFO
2025-06-29 15:15:14,976 - jarvis.main - INFO - Initializing Jarvis AI Assistant...
2025-06-29 15:15:14,980 - jarvis.core.config - INFO - Configuration validation passed
2025-06-29 15:15:14,987 - jarvis.voice_handler - INFO - WebRTC VAD not available, using simple volume-based detection
2025-06-29 15:15:14,991 - jarvis.ai_engine - INFO - Started new session: session_1751224514
2025-06-29 15:15:14,995 - jarvis.main - INFO - Jarvis AI Assistant initialized successfully
2025-06-29 15:15:14,998 - jarvis.main - INFO - Jarvis AI Assistant started
2025-06-29 15:15:15,001 - jarvis.main - INFO - Starting voice processing loop
2025-06-29 15:15:15,005 - jarvis.voice_handler - INFO - Initializing voice handler...
2025-06-29 15:15:15,008 - jarvis.voice_handler - ERROR - Wake word engine 'simple' not available
2025-06-29 15:15:15,011 - jarvis.voice_handler - ERROR - Failed to initialize wake word detector
2025-06-29 15:15:21,273 - jarvis - INFO - Logging initialized - Level: INFO
2025-06-29 15:15:21,276 - jarvis.main - INFO - Initializing Jarvis AI Assistant...
2025-06-29 15:15:21,280 - jarvis.core.config - INFO - Configuration validation passed
2025-06-29 15:15:21,288 - jarvis.voice_handler - INFO - WebRTC VAD not available, using simple volume-based detection
2025-06-29 15:15:21,292 - jarvis.ai_engine - INFO - Started new session: session_1751224521
2025-06-29 15:15:21,295 - jarvis.main - INFO - Jarvis AI Assistant initialized successfully
2025-06-29 15:15:21,299 - jarvis.main - INFO - Jarvis AI Assistant started
2025-06-29 15:15:21,302 - jarvis.main - INFO - Starting voice processing loop
2025-06-29 15:15:21,306 - jarvis.voice_handler - INFO - Initializing voice handler...
2025-06-29 15:15:21,309 - jarvis.voice_handler - ERROR - Wake word engine 'simple' not available
2025-06-29 15:15:21,312 - jarvis.voice_handler - ERROR - Failed to initialize wake word detector
2025-06-29 15:16:35,541 - jarvis - INFO - Logging initialized - Level: INFO
2025-06-29 15:16:35,547 - jarvis.main - INFO - Initializing Jarvis AI Assistant...
2025-06-29 15:16:35,551 - jarvis.core.config - INFO - Configuration validation passed
2025-06-29 15:16:35,559 - jarvis.voice_handler - INFO - WebRTC VAD not available, using simple volume-based detection
2025-06-29 15:16:35,563 - jarvis.ai_engine - INFO - Started new session: session_1751224595
2025-06-29 15:16:35,566 - jarvis.main - INFO - Jarvis AI Assistant initialized successfully
2025-06-29 15:16:35,570 - jarvis.main - INFO - Jarvis AI Assistant started
2025-06-29 15:16:35,574 - jarvis.main - INFO - Starting voice processing loop
2025-06-29 15:16:35,577 - jarvis.voice_handler - INFO - Initializing voice handler...
2025-06-29 15:16:35,581 - jarvis.voice_handler - ERROR - Wake word engine 'simple' not available
2025-06-29 15:16:35,605 - jarvis.voice_handler - ERROR - Failed to initialize wake word detector
2025-06-29 15:17:27,813 - jarvis - INFO - Logging initialized - Level: INFO
2025-06-29 15:17:27,818 - jarvis.main - INFO - Initializing Jarvis AI Assistant...
2025-06-29 15:17:27,822 - jarvis.core.config - INFO - Configuration validation passed
2025-06-29 15:17:27,831 - jarvis.voice_handler - INFO - WebRTC VAD not available, using simple volume-based detection
2025-06-29 15:17:27,835 - jarvis.ai_engine - INFO - Started new session: session_1751224647
2025-06-29 15:17:27,838 - jarvis.main - INFO - Jarvis AI Assistant initialized successfully
2025-06-29 15:17:27,842 - jarvis.main - INFO - Jarvis AI Assistant started
2025-06-29 15:17:27,846 - jarvis.main - INFO - Starting voice processing loop
2025-06-29 15:17:27,849 - jarvis.voice_handler - INFO - Initializing voice handler...
2025-06-29 15:17:27,853 - jarvis.voice_handler - ERROR - Wake word engine 'simple' not available
2025-06-29 15:17:27,856 - jarvis.voice_handler - ERROR - Failed to initialize wake word detector
2025-06-29 15:19:41,458 - jarvis - INFO - Logging initialized - Level: INFO
2025-06-29 15:19:41,463 - jarvis.main - INFO - Initializing Jarvis AI Assistant...
2025-06-29 15:19:41,467 - jarvis.core.config - INFO - Configuration validation passed
2025-06-29 15:19:41,483 - jarvis.voice_handler - INFO - WebRTC VAD not available, using simple volume-based detection
2025-06-29 15:19:41,487 - jarvis.ai_engine - INFO - Started new session: session_1751224781
2025-06-29 15:19:41,492 - jarvis.main - INFO - Jarvis AI Assistant initialized successfully
2025-06-29 15:19:41,495 - jarvis.main - INFO - Jarvis AI Assistant started
2025-06-29 15:19:41,499 - jarvis.main - INFO - Starting voice processing loop
2025-06-29 15:19:41,503 - jarvis.voice_handler - INFO - Initializing voice handler...
2025-06-29 15:19:41,507 - jarvis.voice_handler - ERROR - Wake word engine 'simple' not available
2025-06-29 15:19:41,510 - jarvis.voice_handler - ERROR - Failed to initialize wake word detector
2025-06-29 15:24:00,085 - jarvis.main - INFO - Received signal 2, shutting down...
2025-06-29 15:24:00,091 - jarvis.main - INFO - Shutting down Jarvis AI Assistant...
2025-06-29 15:24:00,095 - jarvis.ai_engine - INFO - Ended session: session_1751224781
2025-06-29 15:24:00,098 - jarvis.voice_handler - INFO - Cleaning up voice handler...
2025-06-29 15:24:00,102 - jarvis.voice_handler - INFO - Voice handler cleanup complete
2025-06-29 15:24:00,105 - jarvis.text_handler - INFO - Cleaning up text input handler...
2025-06-29 15:24:00,109 - jarvis.text_handler - INFO - Text input handler cleanup complete
2025-06-29 15:24:00,112 - jarvis.tts_engine - INFO - Cleaning up TTS engine...
2025-06-29 15:24:00,116 - jarvis.tts_engine - INFO - TTS engine cleanup complete
2025-06-29 15:24:00,119 - jarvis.ui_manager - INFO - Cleaning up UI manager...
2025-06-29 15:24:00,123 - jarvis.ui_manager - INFO - UI manager cleanup complete
2025-06-29 15:24:00,126 - jarvis.main - INFO - Jarvis AI Assistant shutdown complete
2025-06-29 15:24:00,130 - jarvis.main - INFO - Starting text input monitoring
2025-06-29 15:24:00,133 - jarvis.text_handler - INFO - Initializing text input handler...
2025-06-29 15:24:00,189 - jarvis.text_handler - INFO - Hotkey registered: ctrl+alt+j
2025-06-29 15:24:00,194 - jarvis.text_handler - INFO - Text input handler initialized successfully
2025-06-29 15:24:00,197 - jarvis.main - INFO - Starting UI management
2025-06-29 15:24:00,201 - jarvis.ui_manager - INFO - Initializing UI manager...
2025-06-29 15:24:00,204 - jarvis.ui_manager - WARNING - pystray not available, system tray disabled
2025-06-29 15:24:00,207 - jarvis.ui_manager - WARNING - Failed to start system tray
2025-06-29 15:24:00,211 - jarvis.ui_manager - INFO - UI manager initialized successfully
